<?xml version="1.0" encoding="UTF-8"?>
<!-- Generated by org.testng.reporters.JUnitReportReporter -->
<testsuite hostname="DESKTOP-1BCGUCT" failures="0" tests="1" name="com.google.testcases.GoogleSearch" time="52.899" errors="0" timestamp="09 Feb 2019 06:28:44 GMT" skipped="0">
  <testcase classname="com.google.testcases.GoogleSearch" name="GSearch" time="52.899"/>
</testsuite> <!-- com.google.testcases.GoogleSearch -->
